<?xml version="1.0" encoding="UTF-8"?>
<testng-results ignored="0" total="2" passed="2" failed="0" skipped="0">
  <reporter-output>
  </reporter-output>
  <suite started-at="2022-11-26T11:04:37 CET" name="Suite" finished-at="2022-11-26T11:04:40 CET" duration-ms="3171">
    <groups>
    </groups>
    <test started-at="2022-11-26T11:04:37 CET" name="Test" finished-at="2022-11-26T11:04:40 CET" duration-ms="3171">
      <class name="com.testing.VerifyGoogleSearch">
        <test-method is-config="true" signature="beforeTest()[pri:0, instance:com.testing.VerifyGoogleSearch@4f80542f]" started-at="2022-11-26T11:04:37 CET" name="beforeTest" finished-at="2022-11-26T11:04:40 CET" duration-ms="2480" status="PASS">
          <reporter-output>
          </reporter-output>
        </test-method> <!-- beforeTest -->
        <test-method signature="verifyGmailLinkDisplayed()[pri:0, instance:com.testing.VerifyGoogleSearch@4f80542f]" started-at="2022-11-26T11:04:40 CET" name="verifyGmailLinkDisplayed" finished-at="2022-11-26T11:04:40 CET" duration-ms="41" status="PASS">
          <reporter-output>
          </reporter-output>
        </test-method> <!-- verifyGmailLinkDisplayed -->
        <test-method signature="verifyGoogleSearch()[pri:0, instance:com.testing.VerifyGoogleSearch@4f80542f]" started-at="2022-11-26T11:04:40 CET" name="verifyGoogleSearch" finished-at="2022-11-26T11:04:40 CET" duration-ms="162" status="PASS">
          <reporter-output>
          </reporter-output>
        </test-method> <!-- verifyGoogleSearch -->
        <test-method is-config="true" signature="afterTest()[pri:0, instance:com.testing.VerifyGoogleSearch@4f80542f]" started-at="2022-11-26T11:04:40 CET" name="afterTest" finished-at="2022-11-26T11:04:40 CET" duration-ms="449" status="PASS">
          <reporter-output>
          </reporter-output>
        </test-method> <!-- afterTest -->
      </class> <!-- com.testing.VerifyGoogleSearch -->
    </test> <!-- Test -->
  </suite> <!-- Suite -->
</testng-results>
